ucliGUI::start /home/user100/VM/code_files/simv -ucligui 
set ucliGUI::state
set ucliGUI::state
ucliCore::getToolPID
synopsys::env hasTB
trigger_hier_stack_context_switch 0
synopsys::xml set_array_limit <data limit="50" />
synopsys::xml set_depth_limit <data limit="100" />
synopsys::xml set_string_limit <data limit="1000" />
synopsys::xml set_only_active_frame <data value="1" />
synopsys::xml set_variable_frame_id <data value="1" />
synUtils::setDVEInitPhase 1
synopsys::dump -type VPD -file /home/user100/VM/code_files/inter.vpd -locking
synopsys::dump -autoflush on -fid VPD4
set ::dve_fid VPD4
synUtils::setDVEInitPhase 0
ucliCore::getToolPID
synUtils::sendTool -active _icl_setToolSocket /tmp/smlnpUKuAse
synUtils::sendTool -active {_icl_start_rpc -version "L-2016.06_Full64" -sync_file /tmp/vcs_dve_rpc.user.36258}
synUtils::sendTool -active {_icl_createSharedMemory /tmp/vcs_dve_general.user.36258}
config endofsim noexit
config onfail enable all
config syscaddplainmembers
config syscaddsourcenames
config syscaddstructtypes
synopsys::listing -disable
# Begin_DVE_Session_Save_Info
# DVE restart session
# Saved on Thu Sep 21 16:11:39 2023
# Designs open: 1
#   Sim: /home/user100/VM/code_files/simv
# Toplevel windows open: 2
# 	TopLevel.1
# 	TopLevel.2
#   Source.1: _vcs_unit__3820026515.\environment::run
#   Wave.1: 15 signals
#   Group count = 5
#   Group intf signal count = 16
#   Group genblk1.ram_inst signal count = 13
#   Group intf_1 signal count = 15
#   Group intf_2 signal count = 15
# End_DVE_Session_Save_Info
# DVE version: L-2016.06_Full64
# DVE build date: May 24 2016 21:01:02
#<Session mode="Restart" path=".restartSimSession.tcl" type="Debug">
# Application preferences
#<WindowLayout>
# DVE top-level session
# Create and position top-level window: TopLevel.1
set TopLevel.1 TopLevel.1
# Docked window settings
set HSPane.1 HSPane.1
set Hier.1 Hier.1
set Stack.1 Stack.1
set Class.1 Class.1
set Object.1 Object.1
set DLPane.1 DLPane.1
set Data.1 Data.1
set Local.1 Local.1
set Member.1 Member.1
set Console.1 Console.1
# MDI window settings
set Source.1 Source.1
# End MDI window settings
# Create and position top-level window: TopLevel.2
set TopLevel.2 TopLevel.2
# Docked window settings
# MDI window settings
set Wave.1 Wave.1
# End MDI window settings
#</WindowLayout>
#<Database>
#</Database>
# DVE Global setting session:
# Global: Breakpoints
# Global: Bus
# Global: Expressions
# Global: Signal Time Shift
# Global: Signal Compare
# Global: Signal Groups
synopsys::dump -add {rl_ram_1rw} -scope "." -depth 1 -fid VPD4
synopsys::dump -add {rl_ram_1rw.genblk1.ram_inst} -scope "." -depth 1 -fid VPD4
synopsys::dump -add {tbench_top.intf } -aggregates  -fid VPD4
set _session_group_13 intf
set intf "$_session_group_13"
set _session_group_14 $_session_group_13|
append _session_group_14 rl_ram_1rw
set intf|rl_ram_1rw "$_session_group_14"
set _session_group_15 genblk1.ram_inst
set genblk1.ram_inst "$_session_group_15"
set _session_group_16 intf_1
set intf_1 "$_session_group_16"
set _session_group_17 intf_2
set intf_2 "$_session_group_17"
# Global: Highlighting
# Global: Stack
# Post database loading setting...
# Save global setting...
# Wave/List view global setting
# Close all empty TopLevel windows
foreach __top [gui_ekki_get_window_ids -type TopLevel] {     if { [llength [gui_ekki_get_window_ids -parent $__top]] == 0} {         gui_close_window -window $__top     } }
# DVE View/pane content session:
# Hier 'Hier.1'
catch {gui_list_expand -id ${Hier.1} tbench_top}
catch {gui_list_select -id ${Hier.1} {tbench_top.intf}}
# Class 'Class.1'
# Member 'Member.1'
# Data 'Data.1'
# Source 'Source.1'
# Warning: Class view not found.
# View 'Wave.1'
set groupExD [gui_get_pref_value -category Wave -key exclusiveSG]
set origWaveHeight [gui_get_pref_value -category Wave -key waveRowHeight]
set origGroupCreationState [gui_list_create_group_when_add -wave]
synopsys::dump -add {_vcs_unit__3820026515 } -aggregates  -fid VPD4
if {$origGroupCreationState} { 	gui_list_create_group_when_add -wave -enable }
if { $groupExD } {  gui_msg_report -code DVWW028 }
# Restore toplevel window zorder
# The toplevel window could be closed if it has no view/pane
if {[gui_exist_window -window ${TopLevel.1}]} { 	gui_set_active_window -window ${TopLevel.1} 	gui_set_active_window -window ${Source.1} 	gui_set_active_window -window ${HSPane.1} }
if {[gui_exist_window -window ${TopLevel.2}]} { 	gui_set_active_window -window ${TopLevel.2} 	gui_set_active_window -window ${Wave.1} }
#</Session>
synopsys::run
set ucliGUI::state
set ucliGUI::state
set ucliGUI::state
set ucliGUI::state
synopsys::xml get_stop_data
synopsys::xml {frames <data updateType="preserve" itemId="none" viewId="Stack.1" />}
synopsys::xml {frames <data updateType="preserve" itemId="none" viewId="Stack.1" />}
synopsys::xml {locals <data updateType="preserve" itemId="none" frame_id="frame(4:21:49)" viewId="Local.1" />}
synopsys::xml {locals <data updateType="preserve" itemId="none" frame_id="frame(4:21:49)" viewId="Local.1" />}
synopsys::xml {evaluate <data updateType="increment" itemId="148001280" frame_id="frame(4:21:49)" viewId="Hidden 5" > <item separator="." expr="this" open="1" name="this" depth="1" /></data>}
