# Preference setting overrides
gui_create_pref_key -category {Globals} -key {load_detail_for_funcov} -value_type {bool} -value {false}
gui_create_pref_category -category {schem_obj_name}
gui_create_pref_key -category {schem_obj_name} -key {show_cell_and_pin_with_symbol_name} -value_type {bool} -value {false}
gui_create_pref_key -category {schem_pin_hc} -key {textExtFont} -value_type {string} -value {Helvetica,10,-1,5,50,0,0,0,0,0}

# State setting overrides
gui_state_default_create -off -ini
gui_set_state_value -category Layout -key child_console_size_x -value 1365
gui_set_state_value -category Layout -key child_console_size_y -value 309
gui_set_state_value -category Layout -key child_data_size_x -value 201
gui_set_state_value -category Layout -key child_data_size_y -value 291
gui_set_state_value -category Layout -key child_hier_col3 -value {-1}
gui_set_state_value -category Layout -key child_hier_colpd -value 0
gui_set_state_value -category Layout -key child_hier_size_x -value 156
gui_set_state_value -category Layout -key child_hier_size_y -value 291
gui_set_state_value -category Layout -key child_hier_sort_order -value 1
gui_set_state_value -category Layout -key child_list_down -value 167
gui_set_state_value -category Layout -key child_list_right -value 444
gui_set_state_value -category Layout -key child_schematic_docknewline -value false
gui_set_state_value -category Layout -key child_schematic_pos_x -value {-2}
gui_set_state_value -category Layout -key child_schematic_pos_y -value {-15}
gui_set_state_value -category Layout -key child_schematic_size_x -value 975
gui_set_state_value -category Layout -key child_schematic_size_y -value 416
gui_set_state_value -category Layout -key child_source_docknewline -value false
gui_set_state_value -category Layout -key child_source_pos_x -value {-2}
gui_set_state_value -category Layout -key child_source_pos_y -value {-15}
gui_set_state_value -category Layout -key child_source_size_x -value 1011
gui_set_state_value -category Layout -key child_source_size_y -value 286
gui_set_state_value -category Layout -key child_wave_colname -value 186
gui_set_state_value -category Layout -key child_wave_colvalue -value 187
gui_set_state_value -category Layout -key child_wave_left -value 377
gui_set_state_value -category Layout -key child_wave_right -value 921
gui_set_state_value -category Layout -key main_pos_x -value 0
gui_set_state_value -category Layout -key main_pos_y -value 60
gui_set_state_value -category Layout -key main_size_x -value 1365
gui_set_state_value -category Layout -key main_size_y -value 767
gui_set_state_value -category Layout -key stand_list_child_docknewline -value false
gui_set_state_value -category Layout -key stand_list_child_pos_x -value {-2}
gui_set_state_value -category Layout -key stand_list_child_pos_y -value {-15}
gui_set_state_value -category Layout -key stand_list_child_size_x -value 604
gui_set_state_value -category Layout -key stand_list_child_size_y -value 312
gui_set_state_value -category Layout -key stand_list_top_pos_x -value 503
gui_set_state_value -category Layout -key stand_list_top_pos_y -value 60
gui_set_state_value -category Layout -key stand_list_top_size_x -value 1102
gui_set_state_value -category Layout -key stand_list_top_size_y -value 559
gui_set_state_value -category Layout -key stand_wave_child_docknewline -value false
gui_set_state_value -category Layout -key stand_wave_child_pos_x -value {-2}
gui_set_state_value -category Layout -key stand_wave_child_pos_y -value {-15}
gui_set_state_value -category Layout -key stand_wave_child_size_x -value 1308
gui_set_state_value -category Layout -key stand_wave_child_size_y -value 573
gui_set_state_value -category Layout -key stand_wave_top_pos_x -value 59
gui_set_state_value -category Layout -key stand_wave_top_pos_y -value 79
gui_set_state_value -category Layout -key stand_wave_top_size_x -value 1362
gui_set_state_value -category Layout -key stand_wave_top_size_y -value 764
gui_create_state_key -category FindDialog -key m_pMatchCase -value_type bool -value false
gui_create_state_key -category FindDialog -key m_pMatchWord -value_type bool -value false
gui_create_state_key -category FindDialog -key m_pUseCombo -value_type string -value {}
gui_create_state_key -category FindDialog -key m_pWrapAround -value_type bool -value true
gui_create_state_key -category Widget_History -key {dlgSimSetup|m_setupTab|tab pages|BuildTab|m_rebuildBtnGroup|m_customCmdCombo} -value_type string -value {{vcs -lca -debug_access+all -sverilog testbench.sv design_files/*.sv} {vcs -lca -debug_access+all -sverilog testbench1.sv design_files/*.sv} {vcs -lca -debug_access+all -sverilog memory.sv testbench.sv } {vcs -lca -debug_access+all -sverilog testbench.sv} {vcs -lca -debug_access+all -sverilog gates.sv testbench3.sv}}
gui_create_state_key -category Widget_History -key {dlgSimSetup|m_setupTab|tab pages|BuildTab|m_rebuildBtnGroup|m_customDirCombo} -value_type string -value {/home/user100/VM/code_files/ /home/user100/VM/tb3/ /home/user100/VM/}
gui_create_state_key -category Widget_History -key {dlgSimSetup|m_setupTab|tab pages|SimTab|m_VPDCombo} -value_type string -value inter.vpd
gui_create_state_key -category Widget_History -key {dlgSimSetup|m_setupTab|tab pages|SimTab|m_argsCombo} -value_type string -value {{-ucligui }}
gui_create_state_key -category Widget_History -key {dlgSimSetup|m_setupTab|tab pages|SimTab|m_curDirCombo} -value_type string -value {/home/user100/VM/code_files /home/user100/VM/tb_mem /home/user100/VM/tb3 /home/user100/VM}
gui_create_state_key -category Widget_History -key {dlgSimSetup|m_setupTab|tab pages|SimTab|m_exeCombo} -value_type string -value {/home/user100/VM/code_files/simv ./simv /home/user100/VM/tb_mem/simv /home/user100/VM/tb3/simv /home/user100/VM/simv}
gui_state_default_create -off

# Begin command logging
gui_set_pref_value -category {Globals} -key {smart_resize} -value {false}
gui_set_pref_value -category {Globals} -key {smart_resize} -value {true}
gui_sim_run Ucli -exe ./simv -args {-ucligui  } -dir .
gui_list_expand -id  Hier.1   tbench_top
gui_list_select -id Hier.1 -current_item_name tbench_top.intf -current_item_type Scope  -selected  { tbench_top.intf   }
gui_open_window Wave
gui_list_add -id Wave.1 -from Hier.1 { tbench_top.intf } -insertionbar
gui_list_select -id Hier.1 -current_item_name rl_ram_1rw -current_item_type Scope  -selected  { rl_ram_1rw   }
gui_list_add -id Wave.1 -from Hier.1 { rl_ram_1rw } -insertionbar
gui_sim_continue  
gui_wv_scroll_hslidermove -id  Wave.1 0
gui_wv_scroll_vslidermove -id  Wave.1 0
gui_close_window -window TopLevel.2
gui_list_expand -id  Hier.1   rl_ram_1rw
gui_list_select -id Hier.1 -current_item_name rl_ram_1rw.genblk1.ram_inst -current_item_type Scope  -selected  { rl_ram_1rw.genblk1.ram_inst   }
gui_list_select -id Data.1 -selected  { {rl_ram_1rw.genblk1.ram_inst.mem_array[1023:0][31:0]}   }
gui_open_window Wave
gui_list_add -id Wave.1 -from Hier.1 { rl_ram_1rw.genblk1.ram_inst } -insertionbar
gui_sim_restart
gui_sim_continue  
gui_wv_scroll_hslidermove -id  Wave.1 0
gui_list_expand -id  Wave.1   {rl_ram_1rw.genblk1.ram_inst.mem_array[1023:0][31:0]}
gui_close_window -window TopLevel.2
gui_list_expand -id  Hier.1   tbench_top
gui_list_select -id Hier.1 -current_item_name tbench_top.intf -current_item_type Scope  -selected  { tbench_top.intf   }
gui_open_window Wave
gui_list_add -id Wave.1 -from Hier.1 { tbench_top.intf } -insertionbar
gui_close_window -window TopLevel.2
gui_set_env SIMSETUP::SIMCURRENTDIR /home/user100/VM/code_files
gui_sim_restart -build {vcs -lca -debug_access+all -sverilog testbench.sv design_files/*.sv}
gui_open_window Wave
gui_list_add -id Wave.1 -from Hier.1 { tbench_top.intf } -insertionbar
gui_sim_continue  
gui_zoom -window Wave.1 -factor 2
gui_wv_scroll_hslidermove -id  Wave.1 0
gui_marker_move -id  Wave.1 C1 29
gui_list_select -id Wave.1 -selected  { tbench_top.intf.HCLK   }
gui_list_move  -id  Wave.1    -sid  Wave.1   -after intf_2 {{tbench_top.intf.HCLK}}
gui_marker_move -id  Wave.1 C1 15
gui_marker_move -id  Wave.1 C1 25
gui_marker_move -id  Wave.1 C1 35
gui_marker_move -id  Wave.1 C1 50
gui_marker_move -id  Wave.1 C1 68
gui_wv_scroll_hslidermove -id  Wave.1 120
gui_marker_move -id  Wave.1 C1 86
gui_marker_move -id  Wave.1 C1 92
gui_wv_scroll_hslidermove -id  Wave.1 0
gui_marker_move -id  Wave.1 C1 16
gui_marker_move -id  Wave.1 C1 31
gui_marker_move -id  Wave.1 C1 55
gui_marker_move -id  Wave.1 C1 19
gui_marker_move -id  Wave.1 C1 26
gui_wv_scroll_hslidermove -id  Wave.1 244
gui_marker_move -id  Wave.1 C1 99
gui_marker_move -id  Wave.1 C1 87
gui_marker_move -id  Wave.1 C1 95
gui_wv_scroll_hslidermove -id  Wave.1 0
gui_sim_restart -build {vcs -lca -debug_access+all -sverilog testbench.sv design_files/*.sv}
gui_sim_continue  
gui_wv_scrollleft -id  Wave.1  page
gui_wv_scrollleft -id  Wave.1  page
gui_wv_scroll_hslidermove -id  Wave.1 120
gui_wv_scroll_hslidermove -id  Wave.1 0
gui_marker_move -id  Wave.1 C1 15
gui_marker_move -id  Wave.1 C1 25
gui_marker_move -id  Wave.1 C1 35
gui_zoom -window Wave.1 -factor 2
gui_marker_move -id  Wave.1 C1 45
gui_marker_move -id  Wave.1 C1 55
gui_marker_move -id  Wave.1 C1 65
gui_marker_move -id  Wave.1 C1 75
gui_wv_scroll_hslidermove -id  Wave.1 598
gui_marker_move -id  Wave.1 C1 85
gui_marker_move -id  Wave.1 C1 95
gui_wv_scroll_hslidermove -id  Wave.1 802
gui_wv_scroll_hslidermove -id  Wave.1 0
gui_marker_move -id  Wave.1 C1 44
gui_marker_move -id  Wave.1 C1 45
gui_wv_scroll_hslidermove -id  Wave.1 560
gui_marker_move -id  Wave.1 C1 95
gui_marker_move -id  Wave.1 C1 101
gui_wv_scroll_hslidermove -id  Wave.1 0
gui_sim_restart -build {vcs -lca -debug_access+all -sverilog testbench.sv design_files/*.sv}
gui_sim_continue  
gui_wv_scroll_hslidermove -id  Wave.1 822
